<?xml version="1.0" encoding="UTF-8"?>
<testng-results ignored="0" total="2" passed="1" failed="1" skipped="0">
  <reporter-output>
  </reporter-output>
  <suite started-at="2026-02-14T15:41:22 IST" name="Default suite" finished-at="2026-02-14T15:42:31 IST" duration-ms="68235">
    <groups>
    </groups>
    <test started-at="2026-02-14T15:41:22 IST" name="Default test" finished-at="2026-02-14T15:42:31 IST" duration-ms="68235">
      <class name="com.playwright.NewTest">
        <test-method is-config="true" signature="openBrowser()[pri:0, instance:com.playwright.NewTest@2a4fb17b]" started-at="2026-02-14T15:41:22 IST" name="openBrowser" finished-at="2026-02-14T15:41:45 IST" duration-ms="22617" status="PASS">
          <reporter-output>
          </reporter-output>
        </test-method> <!-- openBrowser -->
        <test-method signature="handleModelpopupWindows()[pri:0, instance:com.playwright.NewTest@2a4fb17b]" started-at="2026-02-14T15:41:45 IST" name="handleModelpopupWindows" finished-at="2026-02-14T15:41:54 IST" duration-ms="8720" status="PASS">
          <reporter-output>
          </reporter-output>
        </test-method> <!-- handleModelpopupWindows -->
        <test-method signature="verifyTitleOfWebpage()[pri:0, instance:com.playwright.NewTest@2a4fb17b]" started-at="2026-02-14T15:41:54 IST" name="verifyTitleOfWebpage" finished-at="2026-02-14T15:42:30 IST" duration-ms="36751" status="FAIL">
          <exception class="com.microsoft.playwright.TimeoutError">
            <message>
              <![CDATA[Error {
  message='Timeout 30000ms exceeded.
  name='TimeoutError
  stack='TimeoutError: Timeout 30000ms exceeded.
    at ProgressController.run (C:\Users\ira\AppData\Local\Temp\playwright-java-9228789935606530748\package\lib\server\progress.js:68:28)
    at FrameDispatcher._runCommand (C:\Users\ira\AppData\Local\Temp\playwright-java-9228789935606530748\package\lib\server\dispatchers\dispatcher.js:95:31)
    at DispatcherConnection.dispatch (C:\Users\ira\AppData\Local\Temp\playwright-java-9228789935606530748\package\lib\server\dispatchers\dispatcher.js:329:39)
}
Call log:
-   - waiting for locator("//input[@id='photofile']")
]]>
            </message>
            <full-stacktrace>
              <![CDATA[com.microsoft.playwright.TimeoutError: Error {
  message='Timeout 30000ms exceeded.
  name='TimeoutError
  stack='TimeoutError: Timeout 30000ms exceeded.
    at ProgressController.run (C:\Users\ira\AppData\Local\Temp\playwright-java-9228789935606530748\package\lib\server\progress.js:68:28)
    at FrameDispatcher._runCommand (C:\Users\ira\AppData\Local\Temp\playwright-java-9228789935606530748\package\lib\server\dispatchers\dispatcher.js:95:31)
    at DispatcherConnection.dispatch (C:\Users\ira\AppData\Local\Temp\playwright-java-9228789935606530748\package\lib\server\dispatchers\dispatcher.js:329:39)
}
Call log:
-   - waiting for locator("//input[@id='photofile']")

at com.microsoft.playwright.impl.WaitableResult.get(WaitableResult.java:52)
at com.microsoft.playwright.impl.ChannelOwner.runUntil(ChannelOwner.java:138)
at com.microsoft.playwright.impl.Connection.sendMessage(Connection.java:131)
at com.microsoft.playwright.impl.ChannelOwner.sendMessage(ChannelOwner.java:124)
at com.microsoft.playwright.impl.FrameImpl.clickImpl(FrameImpl.java:241)
at com.microsoft.playwright.impl.FrameImpl.click(FrameImpl.java:232)
at com.microsoft.playwright.impl.LocatorImpl.click(LocatorImpl.java:164)
at com.microsoft.playwright.Locator.click(Locator.java:2500)
at com.playwright.NewTest.verifyTitleOfWebpage(NewTest.java:82)
at java.base/jdk.internal.reflect.NativeMethodAccessorImpl.invoke0(Native Method)
at java.base/jdk.internal.reflect.NativeMethodAccessorImpl.invoke(NativeMethodAccessorImpl.java:77)
at java.base/jdk.internal.reflect.DelegatingMethodAccessorImpl.invoke(DelegatingMethodAccessorImpl.java:43)
at java.base/java.lang.reflect.Method.invoke(Method.java:568)
at org.testng.internal.invokers.MethodInvocationHelper.invokeMethod(MethodInvocationHelper.java:141)
at org.testng.internal.invokers.TestInvoker.invokeMethod(TestInvoker.java:687)
at org.testng.internal.invokers.TestInvoker.invokeTestMethod(TestInvoker.java:230)
at org.testng.internal.invokers.MethodRunner.runInSequence(MethodRunner.java:63)
at org.testng.internal.invokers.TestInvoker$MethodInvocationAgent.invoke(TestInvoker.java:995)
at org.testng.internal.invokers.TestInvoker.invokeTestMethods(TestInvoker.java:203)
at org.testng.internal.invokers.TestMethodWorker.invokeTestMethods(TestMethodWorker.java:154)
at org.testng.internal.invokers.TestMethodWorker.run(TestMethodWorker.java:134)
at java.base/java.util.ArrayList.forEach(ArrayList.java:1511)
at org.testng.TestRunner.privateRun(TestRunner.java:741)
at org.testng.TestRunner.run(TestRunner.java:616)
at org.testng.SuiteRunner.runTest(SuiteRunner.java:421)
at org.testng.SuiteRunner.runSequentially(SuiteRunner.java:413)
at org.testng.SuiteRunner.privateRun(SuiteRunner.java:373)
at org.testng.SuiteRunner.run(SuiteRunner.java:312)
at org.testng.SuiteRunnerWorker.runSuite(SuiteRunnerWorker.java:52)
at org.testng.SuiteRunnerWorker.run(SuiteRunnerWorker.java:95)
at org.testng.TestNG.runSuitesSequentially(TestNG.java:1274)
at org.testng.TestNG.runSuitesLocally(TestNG.java:1208)
at org.testng.TestNG.runSuites(TestNG.java:1112)
at org.testng.TestNG.run(TestNG.java:1079)
at org.testng.remote.AbstractRemoteTestNG.run(AbstractRemoteTestNG.java:115)
at org.testng.remote.RemoteTestNG.initAndRun(RemoteTestNG.java:293)
at org.testng.remote.RemoteTestNG.main(RemoteTestNG.java:91)
Caused by: com.microsoft.playwright.TimeoutError: Error {
  message='Timeout 30000ms exceeded.
  name='TimeoutError
  stack='TimeoutError: Timeout 30000ms exceeded.
    at ProgressController.run (C:\Users\ira\AppData\Local\Temp\playwright-java-9228789935606530748\package\lib\server\progress.js:68:28)
    at FrameDispatcher._runCommand (C:\Users\ira\AppData\Local\Temp\playwright-java-9228789935606530748\package\lib\server\dispatchers\dispatcher.js:95:31)
    at DispatcherConnection.dispatch (C:\Users\ira\AppData\Local\Temp\playwright-java-9228789935606530748\package\lib\server\dispatchers\dispatcher.js:329:39)
}
Call log:
-   - waiting for locator("//input[@id='photofile']")

at com.microsoft.playwright.impl.Connection.dispatch(Connection.java:257)
at com.microsoft.playwright.impl.Connection.processOneMessage(Connection.java:214)
at com.microsoft.playwright.impl.ChannelOwner.runUntil(ChannelOwner.java:136)
... 35 more
]]>
            </full-stacktrace>
          </exception> <!-- com.microsoft.playwright.TimeoutError -->
          <reporter-output>
          </reporter-output>
        </test-method> <!-- verifyTitleOfWebpage -->
        <test-method is-config="true" signature="closeBrowser()[pri:0, instance:com.playwright.NewTest@2a4fb17b]" started-at="2026-02-14T15:42:30 IST" name="closeBrowser" finished-at="2026-02-14T15:42:31 IST" duration-ms="59" status="PASS">
          <reporter-output>
          </reporter-output>
        </test-method> <!-- closeBrowser -->
      </class> <!-- com.playwright.NewTest -->
    </test> <!-- Default test -->
  </suite> <!-- Default suite -->
</testng-results>
