<?xml version="1.0" encoding="UTF-8"?>
<testng-results ignored="0" total="1" passed="1" failed="0" skipped="0">
  <reporter-output>
  </reporter-output>
  <suite started-at="2025-12-30T16:15:47 IST" name="Default suite" finished-at="2025-12-30T16:16:07 IST" duration-ms="19912">
    <groups>
    </groups>
    <test started-at="2025-12-30T16:15:47 IST" name="Default test" finished-at="2025-12-30T16:16:07 IST" duration-ms="19912">
      <class name="com.tests.TestPIMPage">
        <test-method is-config="true" signature="setup()[pri:0, instance:com.tests.TestPIMPage@3023df74]" started-at="2025-12-30T16:15:47 IST" name="setup" finished-at="2025-12-30T16:16:05 IST" duration-ms="18312" status="PASS">
          <reporter-output>
          </reporter-output>
        </test-method> <!-- setup -->
        <test-method signature="addEmployeeThenVerify()[pri:0, instance:com.tests.TestPIMPage@3023df74]" started-at="2025-12-30T16:16:05 IST" name="addEmployeeThenVerify" description="Verify that an employee can be added successfully" finished-at="2025-12-30T16:16:07 IST" duration-ms="1482" status="PASS">
          <reporter-output>
          </reporter-output>
        </test-method> <!-- addEmployeeThenVerify -->
      </class> <!-- com.tests.TestPIMPage -->
    </test> <!-- Default test -->
  </suite> <!-- Default suite -->
</testng-results>
