<?xml version="1.0" encoding="UTF-8"?>
<!-- Generated by org.testng.reporters.JUnitXMLReporter -->
<testsuite ignored="0" hostname="DESKTOP-IJQVJ19" failures="1" tests="2" name="SmokeTest" time="28.643" errors="0" timestamp="2025-12-17T18:48:16 IST">
  <testcase classname="com.playwright.NewTest2" name="verifyTitleOfWebpage" time="0.788">
    <failure type="java.lang.AssertionError" message="expected [OrangeHRM - New level of HR Management] but found [OrangeHRM - New Level of HR Management]">
      <![CDATA[java.lang.AssertionError: expected [OrangeHRM - New level of HR Management] but found [OrangeHRM - New Level of HR Management]
at com.playwright.NewTest2.verifyTitleOfWebpage(NewTest2.java:34)
at java.base/java.util.ArrayList.forEach(ArrayList.java:1511)
... Removed 33 stack frames]]>
    </failure>
  </testcase> <!-- verifyTitleOfWebpage -->
  <testcase classname="com.playwright.NewTest" name="verifyTitleOfWebpage" time="2.476"/>
</testsuite> <!-- SmokeTest -->
