<?xml version="1.0" encoding="UTF-8"?>
<!-- Generated by org.testng.reporters.JUnitXMLReporter -->
<testsuite ignored="2" hostname="DESKTOP-IJQVJ19" failures="2" tests="8" name="testNgPractice" time="145.628" errors="0" timestamp="2026-02-09T17:10:20 IST">
  <testcase classname="com.playwright.NewTest2" name="doubleClick" time="1.39"/>
  <testcase classname="com.playwright.NewTest2" name="dragAndDrop" time="1.487"/>
  <testcase classname="com.playwright.NewTest2" name="rightClick" time="13.5"/>
  <testcase classname="com.playwright.NewTest2" name="shiftArrowDown" time="4.277"/>
  <testcase classname="com.playwright.NewTest2" name="verifyTitleOfWebpage" time="3.316"/>
  <testcase classname="com.playwright.NewTest" name="verifyTitleOfWebpage" time="38.2">
    <failure type="com.microsoft.playwright.TimeoutError" message="Error {
  message=&amp;apos;Timeout 30000ms exceeded.
  name=&amp;apos;TimeoutError
  stack=&amp;apos;TimeoutError: Timeout 30000ms exceeded.
    at ProgressController.run (C:\Users\ira\AppData\Local\Temp\playwright-java-15696463612500695802\package\lib\server\progress.js:68:28)
    at FrameDispatcher._runCommand (C:\Users\ira\AppData\Local\Temp\playwright-java-15696463612500695802\package\lib\server\dispatchers\dispatcher.js:95:31)
    at DispatcherConnection.dispatch (C:\Users\ira\AppData\Local\Temp\playwright-java-15696463612500695802\package\lib\server\dispatchers\dispatcher.js:329:39)
}
Call log:
-   - waiting for locator(&amp;quot;xpath=/html/body/div[4]/ul/li[2]/ul/li[2]/a/span&amp;quot;)
-     - locator resolved to &amp;lt;span&amp;gt;Add Employee&amp;lt;/span&amp;gt;
-   - attempting click action
-     2 × waiting for element to be visible, enabled and stable
-       - element is visible, enabled and stable
-       - scrolling into view if needed
-       - done scrolling
-       - element is outside of the viewport
-     - retrying click action
-     - waiting 20ms
-     2 × waiting for element to be visible, enabled and stable
-       - element is visible, enabled and stable
-       - scrolling into view if needed
-       - done scrolling
-       - element is outside of the viewport
-     - retrying click action
-       - waiting 100ms
-     52 × waiting for element to be visible, enabled and stable
-        - element is visible, enabled and stable
-        - scrolling into view if needed
-        - done scrolling
-        - element is outside of the viewport
-      - retrying click action
-        - waiting 500ms
">
      <![CDATA[com.microsoft.playwright.TimeoutError: Error {
  message='Timeout 30000ms exceeded.
  name='TimeoutError
  stack='TimeoutError: Timeout 30000ms exceeded.
    at ProgressController.run (C:\Users\ira\AppData\Local\Temp\playwright-java-15696463612500695802\package\lib\server\progress.js:68:28)
    at FrameDispatcher._runCommand (C:\Users\ira\AppData\Local\Temp\playwright-java-15696463612500695802\package\lib\server\dispatchers\dispatcher.js:95:31)
    at DispatcherConnection.dispatch (C:\Users\ira\AppData\Local\Temp\playwright-java-15696463612500695802\package\lib\server\dispatchers\dispatcher.js:329:39)
}
Call log:
-   - waiting for locator("xpath=/html/body/div[4]/ul/li[2]/ul/li[2]/a/span")
-     - locator resolved to <span>Add Employee</span>
-   - attempting click action
-     2 × waiting for element to be visible, enabled and stable
-       - element is visible, enabled and stable
-       - scrolling into view if needed
-       - done scrolling
-       - element is outside of the viewport
-     - retrying click action
-     - waiting 20ms
-     2 × waiting for element to be visible, enabled and stable
-       - element is visible, enabled and stable
-       - scrolling into view if needed
-       - done scrolling
-       - element is outside of the viewport
-     - retrying click action
-       - waiting 100ms
-     52 × waiting for element to be visible, enabled and stable
-        - element is visible, enabled and stable
-        - scrolling into view if needed
-        - done scrolling
-        - element is outside of the viewport
-      - retrying click action
-        - waiting 500ms

at com.microsoft.playwright.impl.WaitableResult.get(WaitableResult.java:52)
at com.microsoft.playwright.impl.ChannelOwner.runUntil(ChannelOwner.java:138)
at com.microsoft.playwright.impl.Connection.sendMessage(Connection.java:131)
at com.microsoft.playwright.impl.ChannelOwner.sendMessage(ChannelOwner.java:124)
at com.microsoft.playwright.impl.FrameImpl.clickImpl(FrameImpl.java:241)
at com.microsoft.playwright.impl.FrameImpl.click(FrameImpl.java:232)
at com.microsoft.playwright.impl.LocatorImpl.click(LocatorImpl.java:164)
at com.microsoft.playwright.Locator.click(Locator.java:2500)
at com.playwright.NewTest.verifyTitleOfWebpage(NewTest.java:76)
at java.base/java.util.ArrayList.forEach(ArrayList.java:1511)
Caused by: com.microsoft.playwright.TimeoutError: Error {
  message='Timeout 30000ms exceeded.
  name='TimeoutError
  stack='TimeoutError: Timeout 30000ms exceeded.
    at ProgressController.run (C:\Users\ira\AppData\Local\Temp\playwright-java-15696463612500695802\package\lib\server\progress.js:68:28)
    at FrameDispatcher._runCommand (C:\Users\ira\AppData\Local\Temp\playwright-java-15696463612500695802\package\lib\server\dispatchers\dispatcher.js:95:31)
    at DispatcherConnection.dispatch (C:\Users\ira\AppData\Local\Temp\playwright-java-15696463612500695802\package\lib\server\dispatchers\dispatcher.js:329:39)
}
Call log:
-   - waiting for locator("xpath=/html/body/div[4]/ul/li[2]/ul/li[2]/a/span")
-     - locator resolved to <span>Add Employee</span>
-   - attempting click action
-     2 × waiting for element to be visible, enabled and stable
-       - element is visible, enabled and stable
-       - scrolling into view if needed
-       - done scrolling
-       - element is outside of the viewport
-     - retrying click action
-     - waiting 20ms
-     2 × waiting for element to be visible, enabled and stable
-       - element is visible, enabled and stable
-       - scrolling into view if needed
-       - done scrolling
-       - element is outside of the viewport
-     - retrying click action
-       - waiting 100ms
-     52 × waiting for element to be visible, enabled and stable
-        - element is visible, enabled and stable
-        - scrolling into view if needed
-        - done scrolling
-        - element is outside of the viewport
-      - retrying click action
-        - waiting 500ms

at com.microsoft.playwright.impl.Connection.dispatch(Connection.java:257)
at com.microsoft.playwright.impl.Connection.processOneMessage(Connection.java:214)
at com.microsoft.playwright.impl.ChannelOwner.runUntil(ChannelOwner.java:136)
... 35 more
... Removed 27 stack frames]]>
    </failure>
  </testcase> <!-- verifyTitleOfWebpage -->
  <testcase classname="com.tests.TestPIMPage" name="addEmployeeThenVerify" time="22.572">
    <failure type="java.lang.NullPointerException" message="Cannot invoke &amp;quot;String.contains(java.lang.CharSequence)&amp;quot; because &amp;quot;actual&amp;quot; is null">
      <![CDATA[java.lang.NullPointerException: Cannot invoke "String.contains(java.lang.CharSequence)" because "actual" is null
at com.util.TestngUtils.assertTrue(TestngUtils.java:23)
at com.tests.TestPIMPage.addEmployeeThenVerify(TestPIMPage.java:71)
at java.base/java.util.ArrayList.forEach(ArrayList.java:1511)
... Removed 27 stack frames]]>
    </failure>
  </testcase> <!-- addEmployeeThenVerify -->
  <testcase classname="com.playwright.deleteEmployee" name="test" time="0.002"/>
  <testcase classname="com.basepack.BasePage" name="@AfterTest tearDown" time="0.0">
    <ignored/>
  </testcase> <!-- @AfterTest tearDown -->
  <testcase classname="com.basepack.BasePage" name="@BeforeTest setup" time="0.0">
    <ignored/>
  </testcase> <!-- @BeforeTest setup -->
</testsuite> <!-- testNgPractice -->
