<?xml version="1.0" encoding="UTF-8"?>
<!-- Generated by org.testng.reporters.JUnitReportReporter -->
<testsuite hostname="DESKTOP-IJQVJ19" failures="0" tests="5" name="com.playwright.NewTest2" time="23.970" errors="0" timestamp="2026-02-09T17:10:20 IST" skipped="0">
  <testcase classname="com.playwright.NewTest2" name="rightClick" time="13.500"/>
  <testcase classname="com.playwright.NewTest2" name="doubleClick" time="1.390"/>
  <testcase classname="com.playwright.NewTest2" name="dragAndDrop" time="1.487"/>
  <testcase classname="com.playwright.NewTest2" name="verifyTitleOfWebpage" time="3.316"/>
  <testcase classname="com.playwright.NewTest2" name="shiftArrowDown" time="4.277"/>
</testsuite> <!-- com.playwright.NewTest2 -->
